<?xml version="1.0" encoding="UTF-8"?>
<testng-results ignored="0" total="2" passed="2" failed="0" skipped="0">
  <reporter-output>
  </reporter-output>
  <suite started-at="2024-02-25T00:11:13 IST" name="Surefire suite" finished-at="2024-02-25T00:11:40 IST" duration-ms="27197">
    <groups>
      <group name="cucumber">
        <method signature="AbstractTestNGCucumberTests.runScenario(io.cucumber.testng.PickleWrapper,io.cucumber.testng.FeatureWrapper)[pri:0, instance:org.maya.cucumber.TestNGTestRunner@4b5d6a01]" name="runScenario" class="io.cucumber.testng.AbstractTestNGCucumberTests"/>
      </group> <!-- cucumber -->
    </groups>
    <test started-at="2024-02-25T00:11:13 IST" name="Surefire test" finished-at="2024-02-25T00:11:40 IST" duration-ms="27197">
      <class name="org.maya.cucumber.TestNGTestRunner">
        <test-method is-config="true" signature="setUpClass(org.testng.ITestContext)[pri:0, instance:org.maya.cucumber.TestNGTestRunner@4b5d6a01]" started-at="2024-02-25T00:11:13 IST" name="setUpClass" finished-at="2024-02-25T00:11:14 IST" duration-ms="976" status="PASS">
          <params>
            <param index="0">
              <value>
                <![CDATA[org.testng.TestRunner@4b4eced1]]>
              </value>
            </param>
          </params>
          <reporter-output>
          </reporter-output>
        </test-method> <!-- setUpClass -->
        <test-method signature="runScenario(io.cucumber.testng.PickleWrapper,io.cucumber.testng.FeatureWrapper)[pri:0, instance:org.maya.cucumber.TestNGTestRunner@4b5d6a01]" started-at="2024-02-25T00:11:14 IST" name="runScenario" description="Runs Cucumber Scenarios" data-provider="scenarios" finished-at="2024-02-25T00:11:23 IST" duration-ms="8792" status="PASS">
          <params>
            <param index="0">
              <value>
                <![CDATA["Positive Test for Submitting Order"]]>
              </value>
            </param>
            <param index="1">
              <value>
                <![CDATA["Check Erro on Landing Page"]]>
              </value>
            </param>
          </params>
          <reporter-output>
          </reporter-output>
        </test-method> <!-- runScenario -->
        <test-method signature="runScenario(io.cucumber.testng.PickleWrapper,io.cucumber.testng.FeatureWrapper)[pri:0, instance:org.maya.cucumber.TestNGTestRunner@4b5d6a01]" started-at="2024-02-25T00:11:23 IST" name="runScenario" description="Runs Cucumber Scenarios" data-provider="scenarios" finished-at="2024-02-25T00:11:40 IST" duration-ms="17299" status="PASS">
          <params>
            <param index="0">
              <value>
                <![CDATA["Positive Test for Submitting Order"]]>
              </value>
            </param>
            <param index="1">
              <value>
                <![CDATA["Place Products Order"]]>
              </value>
            </param>
          </params>
          <reporter-output>
          </reporter-output>
        </test-method> <!-- runScenario -->
        <test-method is-config="true" signature="tearDownClass()[pri:0, instance:org.maya.cucumber.TestNGTestRunner@4b5d6a01]" started-at="2024-02-25T00:11:40 IST" name="tearDownClass" finished-at="2024-02-25T00:11:40 IST" duration-ms="70" status="PASS">
          <reporter-output>
          </reporter-output>
        </test-method> <!-- tearDownClass -->
      </class> <!-- org.maya.cucumber.TestNGTestRunner -->
    </test> <!-- Surefire test -->
  </suite> <!-- Surefire suite -->
</testng-results>
