<?xml version="1.0" encoding="UTF-8"?>
<testng-results ignored="0" total="2" passed="2" failed="0" skipped="0">
  <reporter-output>
  </reporter-output>
  <suite started-at="2024-02-24T23:04:09 IST" name="Default suite" finished-at="2024-02-24T23:04:37 IST" duration-ms="27538">
    <groups>
      <group name="cucumber">
        <method signature="AbstractTestNGCucumberTests.runScenario(io.cucumber.testng.PickleWrapper,io.cucumber.testng.FeatureWrapper)[pri:0, instance:org.maya.cucumber.TestNGTestRunner@4b29d1d2]" name="runScenario" class="io.cucumber.testng.AbstractTestNGCucumberTests"/>
      </group> <!-- cucumber -->
    </groups>
    <test started-at="2024-02-24T23:04:09 IST" name="Default test" finished-at="2024-02-24T23:04:37 IST" duration-ms="27538">
      <class name="org.maya.cucumber.TestNGTestRunner">
        <test-method is-config="true" signature="setUpClass(org.testng.ITestContext)[pri:0, instance:org.maya.cucumber.TestNGTestRunner@4b29d1d2]" started-at="2024-02-24T23:04:09 IST" name="setUpClass" finished-at="2024-02-24T23:04:10 IST" duration-ms="990" status="PASS">
          <params>
            <param index="0">
              <value>
                <![CDATA[org.testng.TestRunner@441fbe89]]>
              </value>
            </param>
          </params>
          <reporter-output>
          </reporter-output>
        </test-method> <!-- setUpClass -->
        <test-method signature="runScenario(io.cucumber.testng.PickleWrapper,io.cucumber.testng.FeatureWrapper)[pri:0, instance:org.maya.cucumber.TestNGTestRunner@4b29d1d2]" started-at="2024-02-24T23:04:10 IST" name="runScenario" description="Runs Cucumber Scenarios" data-provider="scenarios" finished-at="2024-02-24T23:04:17 IST" duration-ms="6886" status="PASS">
          <params>
            <param index="0">
              <value>
                <![CDATA["Positive Test for Submitting Order"]]>
              </value>
            </param>
            <param index="1">
              <value>
                <![CDATA["Check Erro on Landing Page"]]>
              </value>
            </param>
          </params>
          <reporter-output>
          </reporter-output>
        </test-method> <!-- runScenario -->
        <test-method signature="runScenario(io.cucumber.testng.PickleWrapper,io.cucumber.testng.FeatureWrapper)[pri:0, instance:org.maya.cucumber.TestNGTestRunner@4b29d1d2]" started-at="2024-02-24T23:04:17 IST" name="runScenario" description="Runs Cucumber Scenarios" data-provider="scenarios" finished-at="2024-02-24T23:04:37 IST" duration-ms="19529" status="PASS">
          <params>
            <param index="0">
              <value>
                <![CDATA["Positive Test for Submitting Order"]]>
              </value>
            </param>
            <param index="1">
              <value>
                <![CDATA["Place Products Order"]]>
              </value>
            </param>
          </params>
          <reporter-output>
          </reporter-output>
        </test-method> <!-- runScenario -->
        <test-method is-config="true" signature="tearDownClass()[pri:0, instance:org.maya.cucumber.TestNGTestRunner@4b29d1d2]" started-at="2024-02-24T23:04:37 IST" name="tearDownClass" finished-at="2024-02-24T23:04:37 IST" duration-ms="54" status="PASS">
          <reporter-output>
          </reporter-output>
        </test-method> <!-- tearDownClass -->
      </class> <!-- org.maya.cucumber.TestNGTestRunner -->
    </test> <!-- Default test -->
  </suite> <!-- Default suite -->
</testng-results>
